<?xml version="1.0" encoding="utf-8"?><testsuites name="pytest tests"><testsuite name="pytest" errors="0" failures="0" skipped="0" tests="21" time="2.971" timestamp="2026-05-12T21:22:36.910303+00:00" hostname="agent-env-4b9097f2-d20c-4b99-8683-e471c2c32bfb"><testcase classname="tests.test_sentinelshield" name="test_login_wrong_password" time="0.668" /><testcase classname="tests.test_sentinelshield" name="test_me_without_token" time="0.015" /><testcase classname="tests.test_sentinelshield" name="test_me_with_token" time="0.455" /><testcase classname="tests.test_sentinelshield" name="test_stats_requires_auth" time="0.012" /><testcase classname="tests.test_sentinelshield" name="test_stats_ok" time="0.085" /><testcase classname="tests.test_sentinelshield" name="test_rules" time="0.028" /><testcase classname="tests.test_sentinelshield" name="test_logs_basic" time="0.071" /><testcase classname="tests.test_sentinelshield" name="test_logs_filter_blocked" time="0.028" /><testcase classname="tests.test_sentinelshield" name="test_inspect_sqli_blocked" time="0.058" /><testcase classname="tests.test_sentinelshield" name="test_inspect_benign_allowed" time="0.015" /><testcase classname="tests.test_sentinelshield" name="test_simulate_types[sqli]" time="0.063" /><testcase classname="tests.test_sentinelshield" name="test_simulate_types[xss]" time="0.055" /><testcase classname="tests.test_sentinelshield" name="test_simulate_types[traversal]" time="0.079" /><testcase classname="tests.test_sentinelshield" name="test_simulate_types[command]" time="0.066" /><testcase classname="tests.test_sentinelshield" name="test_simulate_types[union]" time="0.060" /><testcase classname="tests.test_sentinelshield" name="test_simulate_types[benign]" time="0.022" /><testcase classname="tests.test_sentinelshield" name="test_simulate_burst_rate_limited" time="0.134" /><testcase classname="tests.test_sentinelshield" name="test_ip_reputation_list" time="0.019" /><testcase classname="tests.test_sentinelshield" name="test_ip_blacklist_and_unblock" time="0.033" /><testcase classname="tests.test_sentinelshield" name="test_upload_valid_png" time="0.019" /><testcase classname="tests.test_sentinelshield" name="test_upload_disguised_file_rejected" time="0.017" /></testsuite></testsuites>